[Tue Jun 09 09:15:31.262999 2015] [mpm_winnt:notice] [pid 8448:tid 540] AH00455: Apache/2.4.9 (Win32) PHP/5.5.12 configured -- resuming normal operations
[Tue Jun 09 09:15:31.262999 2015] [mpm_winnt:notice] [pid 8448:tid 540] AH00456: Apache Lounge VC11 Server built: Mar 16 2014 12:13:13
[Tue Jun 09 09:15:31.262999 2015] [core:notice] [pid 8448:tid 540] AH00094: Command line: 'C:\\Users\\Osemudiamen\\Documents\\GitHub\\www--Wamp-Server-For-School\\wamp\\bin\\apache\\apache2.4.9\\bin\\httpd.exe -d C:/Users/Osemudiamen/Documents/GitHub/www--Wamp-Server-For-School/wamp/bin/apache/apache2.4.9'
[Tue Jun 09 09:15:31.263998 2015] [mpm_winnt:notice] [pid 8448:tid 540] AH00418: Parent: Created child process 3612
[Tue Jun 09 09:15:31.780339 2015] [mpm_winnt:notice] [pid 3612:tid 516] AH00354: Child: Starting 64 worker threads.
[Tue Jun 09 09:21:15.426166 2015] [mpm_winnt:notice] [pid 8448:tid 540] AH00422: Parent: Received shutdown signal -- Shutting down the server.
[Tue Jun 09 09:21:17.427503 2015] [mpm_winnt:notice] [pid 3612:tid 516] AH00364: Child: All worker threads have exited.
[Tue Jun 09 09:21:17.450518 2015] [mpm_winnt:notice] [pid 8448:tid 540] AH00430: Parent: Child process 3612 exited successfully.
[Tue Jun 09 09:22:24.085150 2015] [mpm_winnt:notice] [pid 2212:tid 548] AH00455: Apache/2.4.9 (Win32) PHP/5.5.12 configured -- resuming normal operations
[Tue Jun 09 09:22:24.085150 2015] [mpm_winnt:notice] [pid 2212:tid 548] AH00456: Apache Lounge VC11 Server built: Mar 16 2014 12:13:13
[Tue Jun 09 09:22:24.085150 2015] [core:notice] [pid 2212:tid 548] AH00094: Command line: 'C:\\Users\\Osemudiamen\\Documents\\GitHub\\www--Wamp-Server-For-School\\wamp\\bin\\apache\\apache2.4.9\\bin\\httpd.exe -d C:/Users/Osemudiamen/Documents/GitHub/www--Wamp-Server-For-School/wamp/bin/apache/apache2.4.9'
[Tue Jun 09 09:22:24.087154 2015] [mpm_winnt:notice] [pid 2212:tid 548] AH00418: Parent: Created child process 8684
[Tue Jun 09 09:22:24.670543 2015] [mpm_winnt:notice] [pid 8684:tid 464] AH00354: Child: Starting 64 worker threads.
[Tue Jun 09 19:37:47.597581 2015] [:error] [pid 8684:tid 980] [client ::1:61303] script 'C:/Users/Osemudiamen/Documents/GitHub/www--Wamp-Server-For-School/wamp/www/Logged_in/Logged_in_teacher.php' not found or unable to stat
[Tue Jun 09 19:38:31.243483 2015] [:error] [pid 8684:tid 980] [client ::1:61356] script 'C:/Users/Osemudiamen/Documents/GitHub/www--Wamp-Server-For-School/wamp/www/Logged_in/Logged_in_teacher.php' not found or unable to stat
[Thu Jun 11 05:33:44.136522 2015] [core:warn] [pid 8148:tid 448] AH00098: pid file C:/Users/Osemudiamen/Documents/GitHub/www--Wamp-Server-For-School/wamp/bin/apache/apache2.4.9/logs/httpd.pid overwritten -- Unclean shutdown of previous Apache run?
[Thu Jun 11 05:33:44.641081 2015] [mpm_winnt:notice] [pid 8148:tid 448] AH00455: Apache/2.4.9 (Win32) PHP/5.5.12 configured -- resuming normal operations
[Thu Jun 11 05:33:44.641081 2015] [mpm_winnt:notice] [pid 8148:tid 448] AH00456: Apache Lounge VC11 Server built: Mar 16 2014 12:13:13
[Thu Jun 11 05:33:44.641081 2015] [core:notice] [pid 8148:tid 448] AH00094: Command line: 'C:\\Users\\Osemudiamen\\Documents\\GitHub\\www--Wamp-Server-For-School\\wamp\\bin\\apache\\apache2.4.9\\bin\\httpd.exe -d C:/Users/Osemudiamen/Documents/GitHub/www--Wamp-Server-For-School/wamp/bin/apache/apache2.4.9'
[Thu Jun 11 05:33:44.642083 2015] [mpm_winnt:notice] [pid 8148:tid 448] AH00418: Parent: Created child process 6360
[Thu Jun 11 05:33:45.214599 2015] [mpm_winnt:notice] [pid 6360:tid 476] AH00354: Child: Starting 64 worker threads.
[Thu Jun 11 10:22:34.986722 2015] [mpm_winnt:notice] [pid 8148:tid 448] AH00422: Parent: Received shutdown signal -- Shutting down the server.
[Thu Jun 11 10:22:37.048094 2015] [mpm_winnt:notice] [pid 6360:tid 476] AH00364: Child: All worker threads have exited.
[Thu Jun 11 10:22:38.086785 2015] [mpm_winnt:notice] [pid 8148:tid 448] AH00430: Parent: Child process 6360 exited successfully.
[Thu Jun 11 10:22:42.515768 2015] [mpm_winnt:notice] [pid 11244:tid 556] AH00455: Apache/2.4.9 (Win32) PHP/5.5.12 configured -- resuming normal operations
[Thu Jun 11 10:22:42.516768 2015] [mpm_winnt:notice] [pid 11244:tid 556] AH00456: Apache Lounge VC11 Server built: Mar 16 2014 12:13:13
[Thu Jun 11 10:22:42.516768 2015] [core:notice] [pid 11244:tid 556] AH00094: Command line: 'C:\\Users\\Osemudiamen\\Documents\\GitHub\\www--Wamp-Server-For-School\\wamp\\bin\\apache\\apache2.4.9\\bin\\httpd.exe -d C:/Users/Osemudiamen/Documents/GitHub/www--Wamp-Server-For-School/wamp/bin/apache/apache2.4.9'
[Thu Jun 11 10:22:42.517769 2015] [mpm_winnt:notice] [pid 11244:tid 556] AH00418: Parent: Created child process 8284
[Thu Jun 11 10:22:43.174206 2015] [mpm_winnt:notice] [pid 8284:tid 464] AH00354: Child: Starting 64 worker threads.
