2015-06-09 09:15:31 2536 [Note] Plugin 'FEDERATED' is disabled.
2015-06-09 09:15:31 2536 [Note] InnoDB: Using atomics to ref count buffer pool pages
2015-06-09 09:15:31 2536 [Note] InnoDB: The InnoDB memory heap is disabled
2015-06-09 09:15:31 2536 [Note] InnoDB: Mutexes and rw_locks use Windows interlocked functions
2015-06-09 09:15:31 2536 [Note] InnoDB: Compressed tables use zlib 1.2.3
2015-06-09 09:15:31 2536 [Note] InnoDB: Not using CPU crc32 instructions
2015-06-09 09:15:31 2536 [Note] InnoDB: Initializing buffer pool, size = 128.0M
2015-06-09 09:15:31 2536 [Note] InnoDB: Completed initialization of buffer pool
2015-06-09 09:15:31 2536 [Note] InnoDB: Highest supported file format is Barracuda.
2015-06-09 09:15:31 2536 [Note] InnoDB: 128 rollback segment(s) are active.
2015-06-09 09:15:31 2536 [Note] InnoDB: Waiting for purge to start
2015-06-09 09:15:32 2536 [Note] InnoDB: 5.6.17 started; log sequence number 1625977
2015-06-09 09:15:32 2536 [Warning] No existing UUID has been found, so we assume that this is the first time that this server has been started. Generating a new UUID: 9b2afebf-0ea9-11e5-ad22-40f02f096f59.
2015-06-09 09:15:32 2536 [Note] Server hostname (bind-address): '*'; port: 3306
2015-06-09 09:15:32 2536 [Note] IPv6 is available.
2015-06-09 09:15:32 2536 [Note]   - '::' resolves to '::';
2015-06-09 09:15:32 2536 [Note] Server socket created on IP: '::'.
2015-06-09 09:15:32 2536 [Note] Event Scheduler: Loaded 0 events
2015-06-09 09:15:32 2536 [Note] wampmysqld: ready for connections.
Version: '5.6.17'  socket: ''  port: 3306  MySQL Community Server (GPL)
2015-06-09 09:21:15 2536 [Note] wampmysqld: Arrêt normal du serveur

2015-06-09 09:21:15 2536 [Note] Giving 0 client threads a chance to die gracefully
2015-06-09 09:21:15 2536 [Note] Event Scheduler: Purging the queue. 0 events
2015-06-09 09:21:15 2536 [Note] Shutting down slave threads
2015-06-09 09:21:15 2536 [Note] Forcefully disconnecting 0 remaining clients
2015-06-09 09:21:15 2536 [Note] Binlog end
2015-06-09 09:21:15 2536 [Note] Shutting down plugin 'partition'
2015-06-09 09:21:15 2536 [Note] Shutting down plugin 'PERFORMANCE_SCHEMA'
2015-06-09 09:21:15 2536 [Note] Shutting down plugin 'INNODB_SYS_DATAFILES'
2015-06-09 09:21:15 2536 [Note] Shutting down plugin 'INNODB_SYS_TABLESPACES'
2015-06-09 09:21:15 2536 [Note] Shutting down plugin 'INNODB_SYS_FOREIGN_COLS'
2015-06-09 09:21:15 2536 [Note] Shutting down plugin 'INNODB_SYS_FOREIGN'
2015-06-09 09:21:15 2536 [Note] Shutting down plugin 'INNODB_SYS_FIELDS'
2015-06-09 09:21:15 2536 [Note] Shutting down plugin 'INNODB_SYS_COLUMNS'
2015-06-09 09:21:15 2536 [Note] Shutting down plugin 'INNODB_SYS_INDEXES'
2015-06-09 09:21:15 2536 [Note] Shutting down plugin 'INNODB_SYS_TABLESTATS'
2015-06-09 09:21:15 2536 [Note] Shutting down plugin 'INNODB_SYS_TABLES'
2015-06-09 09:21:15 2536 [Note] Shutting down plugin 'INNODB_FT_INDEX_TABLE'
2015-06-09 09:21:15 2536 [Note] Shutting down plugin 'INNODB_FT_INDEX_CACHE'
2015-06-09 09:21:15 2536 [Note] Shutting down plugin 'INNODB_FT_CONFIG'
2015-06-09 09:21:15 2536 [Note] Shutting down plugin 'INNODB_FT_BEING_DELETED'
2015-06-09 09:21:15 2536 [Note] Shutting down plugin 'INNODB_FT_DELETED'
2015-06-09 09:21:15 2536 [Note] Shutting down plugin 'INNODB_FT_DEFAULT_STOPWORD'
2015-06-09 09:21:15 2536 [Note] Shutting down plugin 'INNODB_METRICS'
2015-06-09 09:21:15 2536 [Note] Shutting down plugin 'INNODB_BUFFER_POOL_STATS'
2015-06-09 09:21:15 2536 [Note] Shutting down plugin 'INNODB_BUFFER_PAGE_LRU'
2015-06-09 09:21:15 2536 [Note] Shutting down plugin 'INNODB_BUFFER_PAGE'
2015-06-09 09:21:15 2536 [Note] Shutting down plugin 'INNODB_CMP_PER_INDEX_RESET'
2015-06-09 09:21:15 2536 [Note] Shutting down plugin 'INNODB_CMP_PER_INDEX'
2015-06-09 09:21:15 2536 [Note] Shutting down plugin 'INNODB_CMPMEM_RESET'
2015-06-09 09:21:15 2536 [Note] Shutting down plugin 'INNODB_CMPMEM'
2015-06-09 09:21:15 2536 [Note] Shutting down plugin 'INNODB_CMP_RESET'
2015-06-09 09:21:15 2536 [Note] Shutting down plugin 'INNODB_CMP'
2015-06-09 09:21:15 2536 [Note] Shutting down plugin 'INNODB_LOCK_WAITS'
2015-06-09 09:21:15 2536 [Note] Shutting down plugin 'INNODB_LOCKS'
2015-06-09 09:21:15 2536 [Note] Shutting down plugin 'INNODB_TRX'
2015-06-09 09:21:15 2536 [Note] Shutting down plugin 'InnoDB'
2015-06-09 09:21:15 2536 [Note] InnoDB: FTS optimize thread exiting.
2015-06-09 09:21:15 2536 [Note] InnoDB: Starting shutdown...
2015-06-09 09:21:17 2536 [Note] InnoDB: Shutdown completed; log sequence number 1625987
2015-06-09 09:21:17 2536 [Note] Shutting down plugin 'BLACKHOLE'
2015-06-09 09:21:17 2536 [Note] Shutting down plugin 'ARCHIVE'
2015-06-09 09:21:17 2536 [Note] Shutting down plugin 'MRG_MYISAM'
2015-06-09 09:21:17 2536 [Note] Shutting down plugin 'MyISAM'
2015-06-09 09:21:17 2536 [Note] Shutting down plugin 'MEMORY'
2015-06-09 09:21:17 2536 [Note] Shutting down plugin 'CSV'
2015-06-09 09:21:17 2536 [Note] Shutting down plugin 'sha256_password'
2015-06-09 09:21:17 2536 [Note] Shutting down plugin 'mysql_old_password'
2015-06-09 09:21:17 2536 [Note] Shutting down plugin 'mysql_native_password'
2015-06-09 09:21:17 2536 [Note] Shutting down plugin 'binlog'
2015-06-09 09:21:17 2536 [Note] wampmysqld: Arrêt du serveur terminé

2015-06-09 09:22:24 6844 [Note] Plugin 'FEDERATED' is disabled.
2015-06-09 09:22:24 6844 [Note] InnoDB: Using atomics to ref count buffer pool pages
2015-06-09 09:22:24 6844 [Note] InnoDB: The InnoDB memory heap is disabled
2015-06-09 09:22:24 6844 [Note] InnoDB: Mutexes and rw_locks use Windows interlocked functions
2015-06-09 09:22:24 6844 [Note] InnoDB: Compressed tables use zlib 1.2.3
2015-06-09 09:22:24 6844 [Note] InnoDB: Not using CPU crc32 instructions
2015-06-09 09:22:24 6844 [Note] InnoDB: Initializing buffer pool, size = 128.0M
2015-06-09 09:22:24 6844 [Note] InnoDB: Completed initialization of buffer pool
2015-06-09 09:22:24 6844 [Note] InnoDB: Highest supported file format is Barracuda.
2015-06-09 09:22:25 6844 [Note] InnoDB: 128 rollback segment(s) are active.
2015-06-09 09:22:25 6844 [Note] InnoDB: Waiting for purge to start
2015-06-09 09:22:25 6844 [Note] InnoDB: 5.6.17 started; log sequence number 1886185
2015-06-09 09:22:25 6844 [Note] Server hostname (bind-address): '*'; port: 3306
2015-06-09 09:22:25 6844 [Note] IPv6 is available.
2015-06-09 09:22:25 6844 [Note]   - '::' resolves to '::';
2015-06-09 09:22:25 6844 [Note] Server socket created on IP: '::'.
2015-06-09 09:22:25 6844 [Note] Event Scheduler: Loaded 0 events
2015-06-09 09:22:25 6844 [Note] wampmysqld: ready for connections.
Version: '5.6.17'  socket: ''  port: 3306  MySQL Community Server (GPL)
2015-06-11 05:33:46 6472 [Note] Plugin 'FEDERATED' is disabled.
2015-06-11 05:33:47 6472 [Note] InnoDB: Using atomics to ref count buffer pool pages
2015-06-11 05:33:47 6472 [Note] InnoDB: The InnoDB memory heap is disabled
2015-06-11 05:33:47 6472 [Note] InnoDB: Mutexes and rw_locks use Windows interlocked functions
2015-06-11 05:33:47 6472 [Note] InnoDB: Compressed tables use zlib 1.2.3
2015-06-11 05:33:47 6472 [Note] InnoDB: Not using CPU crc32 instructions
2015-06-11 05:33:47 6472 [Note] InnoDB: Initializing buffer pool, size = 128.0M
2015-06-11 05:33:47 6472 [Note] InnoDB: Completed initialization of buffer pool
2015-06-11 05:33:47 6472 [Note] InnoDB: Highest supported file format is Barracuda.
2015-06-11 05:33:47 6472 [Note] InnoDB: The log sequence numbers 1886185 and 1886185 in ibdata files do not match the log sequence number 1932680 in the ib_logfiles!
2015-06-11 05:33:47 6472 [Note] InnoDB: Database was not shutdown normally!
2015-06-11 05:33:47 6472 [Note] InnoDB: Starting crash recovery.
2015-06-11 05:33:47 6472 [Note] InnoDB: Reading tablespace information from the .ibd files...
2015-06-11 05:33:48 6472 [Note] InnoDB: Restoring possible half-written data pages 
2015-06-11 05:33:48 6472 [Note] InnoDB: from the doublewrite buffer...
2015-06-11 05:33:50 6472 [Note] InnoDB: 128 rollback segment(s) are active.
2015-06-11 05:33:50 6472 [Note] InnoDB: Waiting for purge to start
2015-06-11 05:33:50 6472 [Note] InnoDB: 5.6.17 started; log sequence number 1932680
2015-06-11 05:33:50 6472 [Note] Server hostname (bind-address): '*'; port: 3306
2015-06-11 05:33:50 6472 [Note] IPv6 is available.
2015-06-11 05:33:50 6472 [Note]   - '::' resolves to '::';
2015-06-11 05:33:50 6472 [Note] Server socket created on IP: '::'.
2015-06-11 05:34:14 6472 [Note] Event Scheduler: Loaded 0 events
2015-06-11 05:34:14 6472 [Note] wampmysqld: ready for connections.
Version: '5.6.17'  socket: ''  port: 3306  MySQL Community Server (GPL)
2015-06-11 10:22:38 6472 [Note] wampmysqld: Arrêt normal du serveur

2015-06-11 10:22:38 6472 [Note] Giving 0 client threads a chance to die gracefully
2015-06-11 10:22:38 6472 [Note] Event Scheduler: Purging the queue. 0 events
2015-06-11 10:22:38 6472 [Note] Shutting down slave threads
2015-06-11 10:22:38 6472 [Note] Forcefully disconnecting 0 remaining clients
2015-06-11 10:22:38 6472 [Note] Binlog end
2015-06-11 10:22:38 6472 [Note] Shutting down plugin 'partition'
2015-06-11 10:22:38 6472 [Note] Shutting down plugin 'PERFORMANCE_SCHEMA'
2015-06-11 10:22:38 6472 [Note] Shutting down plugin 'INNODB_SYS_DATAFILES'
2015-06-11 10:22:38 6472 [Note] Shutting down plugin 'INNODB_SYS_TABLESPACES'
2015-06-11 10:22:38 6472 [Note] Shutting down plugin 'INNODB_SYS_FOREIGN_COLS'
2015-06-11 10:22:38 6472 [Note] Shutting down plugin 'INNODB_SYS_FOREIGN'
2015-06-11 10:22:38 6472 [Note] Shutting down plugin 'INNODB_SYS_FIELDS'
2015-06-11 10:22:38 6472 [Note] Shutting down plugin 'INNODB_SYS_COLUMNS'
2015-06-11 10:22:38 6472 [Note] Shutting down plugin 'INNODB_SYS_INDEXES'
2015-06-11 10:22:38 6472 [Note] Shutting down plugin 'INNODB_SYS_TABLESTATS'
2015-06-11 10:22:38 6472 [Note] Shutting down plugin 'INNODB_SYS_TABLES'
2015-06-11 10:22:38 6472 [Note] Shutting down plugin 'INNODB_FT_INDEX_TABLE'
2015-06-11 10:22:38 6472 [Note] Shutting down plugin 'INNODB_FT_INDEX_CACHE'
2015-06-11 10:22:38 6472 [Note] Shutting down plugin 'INNODB_FT_CONFIG'
2015-06-11 10:22:38 6472 [Note] Shutting down plugin 'INNODB_FT_BEING_DELETED'
2015-06-11 10:22:38 6472 [Note] Shutting down plugin 'INNODB_FT_DELETED'
2015-06-11 10:22:38 6472 [Note] Shutting down plugin 'INNODB_FT_DEFAULT_STOPWORD'
2015-06-11 10:22:38 6472 [Note] Shutting down plugin 'INNODB_METRICS'
2015-06-11 10:22:38 6472 [Note] Shutting down plugin 'INNODB_BUFFER_POOL_STATS'
2015-06-11 10:22:38 6472 [Note] Shutting down plugin 'INNODB_BUFFER_PAGE_LRU'
2015-06-11 10:22:38 6472 [Note] Shutting down plugin 'INNODB_BUFFER_PAGE'
2015-06-11 10:22:38 6472 [Note] Shutting down plugin 'INNODB_CMP_PER_INDEX_RESET'
2015-06-11 10:22:38 6472 [Note] Shutting down plugin 'INNODB_CMP_PER_INDEX'
2015-06-11 10:22:38 6472 [Note] Shutting down plugin 'INNODB_CMPMEM_RESET'
2015-06-11 10:22:38 6472 [Note] Shutting down plugin 'INNODB_CMPMEM'
2015-06-11 10:22:38 6472 [Note] Shutting down plugin 'INNODB_CMP_RESET'
2015-06-11 10:22:38 6472 [Note] Shutting down plugin 'INNODB_CMP'
2015-06-11 10:22:38 6472 [Note] Shutting down plugin 'INNODB_LOCK_WAITS'
2015-06-11 10:22:38 6472 [Note] Shutting down plugin 'INNODB_LOCKS'
2015-06-11 10:22:38 6472 [Note] Shutting down plugin 'INNODB_TRX'
2015-06-11 10:22:38 6472 [Note] Shutting down plugin 'InnoDB'
2015-06-11 10:22:38 6472 [Note] InnoDB: FTS optimize thread exiting.
2015-06-11 10:22:38 6472 [Note] InnoDB: Starting shutdown...
2015-06-11 10:22:40 6472 [Note] InnoDB: Shutdown completed; log sequence number 1932690
2015-06-11 10:22:40 6472 [Note] Shutting down plugin 'BLACKHOLE'
2015-06-11 10:22:40 6472 [Note] Shutting down plugin 'ARCHIVE'
2015-06-11 10:22:40 6472 [Note] Shutting down plugin 'MRG_MYISAM'
2015-06-11 10:22:40 6472 [Note] Shutting down plugin 'MyISAM'
2015-06-11 10:22:40 6472 [Note] Shutting down plugin 'MEMORY'
2015-06-11 10:22:40 6472 [Note] Shutting down plugin 'CSV'
2015-06-11 10:22:40 6472 [Note] Shutting down plugin 'sha256_password'
2015-06-11 10:22:40 6472 [Note] Shutting down plugin 'mysql_old_password'
2015-06-11 10:22:40 6472 [Note] Shutting down plugin 'mysql_native_password'
2015-06-11 10:22:40 6472 [Note] Shutting down plugin 'binlog'
2015-06-11 10:22:40 6472 [Note] wampmysqld: Arrêt du serveur terminé

2015-06-11 10:22:43 5488 [Note] Plugin 'FEDERATED' is disabled.
2015-06-11 10:22:43 5488 [Note] InnoDB: Using atomics to ref count buffer pool pages
2015-06-11 10:22:43 5488 [Note] InnoDB: The InnoDB memory heap is disabled
2015-06-11 10:22:43 5488 [Note] InnoDB: Mutexes and rw_locks use Windows interlocked functions
2015-06-11 10:22:43 5488 [Note] InnoDB: Compressed tables use zlib 1.2.3
2015-06-11 10:22:43 5488 [Note] InnoDB: Not using CPU crc32 instructions
2015-06-11 10:22:43 5488 [Note] InnoDB: Initializing buffer pool, size = 128.0M
2015-06-11 10:22:43 5488 [Note] InnoDB: Completed initialization of buffer pool
2015-06-11 10:22:44 5488 [Note] InnoDB: Highest supported file format is Barracuda.
2015-06-11 10:22:44 5488 [Note] InnoDB: 128 rollback segment(s) are active.
2015-06-11 10:22:44 5488 [Note] InnoDB: Waiting for purge to start
2015-06-11 10:22:44 5488 [Note] InnoDB: 5.6.17 started; log sequence number 1932690
2015-06-11 10:22:44 5488 [Note] Server hostname (bind-address): '*'; port: 3306
2015-06-11 10:22:44 5488 [Note] IPv6 is available.
2015-06-11 10:22:44 5488 [Note]   - '::' resolves to '::';
2015-06-11 10:22:44 5488 [Note] Server socket created on IP: '::'.
2015-06-11 10:22:46 5488 [Note] Event Scheduler: Loaded 0 events
2015-06-11 10:22:46 5488 [Note] wampmysqld: ready for connections.
Version: '5.6.17'  socket: ''  port: 3306  MySQL Community Server (GPL)
2015-06-12 07:33:29 5488 [Note] wampmysqld: Normal shutdown

2015-06-12 07:33:31 5488 [Note] Giving 0 client threads a chance to die gracefully
2015-06-12 07:33:32 5488 [Note] Event Scheduler: Purging the queue. 0 events
2015-06-12 07:33:32 5488 [Note] Shutting down slave threads
2015-06-12 07:33:32 5488 [Note] Forcefully disconnecting 0 remaining clients
2015-06-12 07:33:32 5488 [Note] Binlog end
2015-06-12 07:33:33 5488 [Note] Shutting down plugin 'partition'
2015-06-12 07:33:33 5488 [Note] Shutting down plugin 'PERFORMANCE_SCHEMA'
2015-06-12 07:33:33 5488 [Note] Shutting down plugin 'INNODB_SYS_DATAFILES'
2015-06-12 07:33:33 5488 [Note] Shutting down plugin 'INNODB_SYS_TABLESPACES'
2015-06-12 07:33:33 5488 [Note] Shutting down plugin 'INNODB_SYS_FOREIGN_COLS'
2015-06-12 07:33:33 5488 [Note] Shutting down plugin 'INNODB_SYS_FOREIGN'
2015-06-12 07:33:33 5488 [Note] Shutting down plugin 'INNODB_SYS_FIELDS'
2015-06-12 07:33:33 5488 [Note] Shutting down plugin 'INNODB_SYS_COLUMNS'
2015-06-12 07:33:33 5488 [Note] Shutting down plugin 'INNODB_SYS_INDEXES'
2015-06-12 07:33:33 5488 [Note] Shutting down plugin 'INNODB_SYS_TABLESTATS'
2015-06-12 07:33:33 5488 [Note] Shutting down plugin 'INNODB_SYS_TABLES'
2015-06-12 07:33:33 5488 [Note] Shutting down plugin 'INNODB_FT_INDEX_TABLE'
2015-06-12 07:33:33 5488 [Note] Shutting down plugin 'INNODB_FT_INDEX_CACHE'
2015-06-12 07:33:33 5488 [Note] Shutting down plugin 'INNODB_FT_CONFIG'
2015-06-12 07:33:33 5488 [Note] Shutting down plugin 'INNODB_FT_BEING_DELETED'
2015-06-12 07:33:33 5488 [Note] Shutting down plugin 'INNODB_FT_DELETED'
2015-06-12 07:33:33 5488 [Note] Shutting down plugin 'INNODB_FT_DEFAULT_STOPWORD'
2015-06-12 07:33:33 5488 [Note] Shutting down plugin 'INNODB_METRICS'
2015-06-12 07:33:33 5488 [Note] Shutting down plugin 'INNODB_BUFFER_POOL_STATS'
2015-06-12 07:33:33 5488 [Note] Shutting down plugin 'INNODB_BUFFER_PAGE_LRU'
2015-06-12 07:33:33 5488 [Note] Shutting down plugin 'INNODB_BUFFER_PAGE'
2015-06-12 07:33:33 5488 [Note] Shutting down plugin 'INNODB_CMP_PER_INDEX_RESET'
2015-06-12 07:33:33 5488 [Note] Shutting down plugin 'INNODB_CMP_PER_INDEX'
2015-06-12 07:33:33 5488 [Note] Shutting down plugin 'INNODB_CMPMEM_RESET'
2015-06-12 07:33:33 5488 [Note] Shutting down plugin 'INNODB_CMPMEM'
2015-06-12 07:33:33 5488 [Note] Shutting down plugin 'INNODB_CMP_RESET'
2015-06-12 07:33:33 5488 [Note] Shutting down plugin 'INNODB_CMP'
2015-06-12 07:33:33 5488 [Note] Shutting down plugin 'INNODB_LOCK_WAITS'
2015-06-12 07:33:33 5488 [Note] Shutting down plugin 'INNODB_LOCKS'
2015-06-12 07:33:33 5488 [Note] Shutting down plugin 'INNODB_TRX'
2015-06-12 07:33:33 5488 [Note] Shutting down plugin 'InnoDB'
2015-06-12 07:33:33 5488 [Note] InnoDB: FTS optimize thread exiting.
2015-06-12 07:33:33 5488 [Note] InnoDB: Starting shutdown...
2015-06-12 07:33:50 5488 [Note] InnoDB: Shutdown completed; log sequence number 2034027
2015-06-12 07:33:50 5488 [Note] Shutting down plugin 'BLACKHOLE'
2015-06-12 07:33:50 5488 [Note] Shutting down plugin 'ARCHIVE'
2015-06-12 07:33:50 5488 [Note] Shutting down plugin 'MRG_MYISAM'
2015-06-12 07:33:50 5488 [Note] Shutting down plugin 'MyISAM'
2015-06-12 07:33:50 5488 [Note] Shutting down plugin 'MEMORY'
2015-06-12 07:33:50 5488 [Note] Shutting down plugin 'CSV'
2015-06-12 07:33:50 5488 [Note] Shutting down plugin 'sha256_password'
2015-06-12 07:33:50 5488 [Note] Shutting down plugin 'mysql_old_password'
2015-06-12 07:33:50 5488 [Note] Shutting down plugin 'mysql_native_password'
2015-06-12 07:33:50 5488 [Note] Shutting down plugin 'binlog'
2015-06-12 07:33:52 5488 [Note] wampmysqld: Shutdown complete

2015-06-12 09:22:24 4592 [Note] Plugin 'FEDERATED' is disabled.
2015-06-12 09:22:24 4592 [Note] InnoDB: Using atomics to ref count buffer pool pages
2015-06-12 09:22:24 4592 [Note] InnoDB: The InnoDB memory heap is disabled
2015-06-12 09:22:24 4592 [Note] InnoDB: Mutexes and rw_locks use Windows interlocked functions
2015-06-12 09:22:24 4592 [Note] InnoDB: Compressed tables use zlib 1.2.3
2015-06-12 09:22:24 4592 [Note] InnoDB: Not using CPU crc32 instructions
2015-06-12 09:22:24 4592 [Note] InnoDB: Initializing buffer pool, size = 128.0M
2015-06-12 09:22:25 4592 [Note] InnoDB: Completed initialization of buffer pool
2015-06-12 09:22:25 4592 [Note] InnoDB: Highest supported file format is Barracuda.
2015-06-12 09:22:25 4592 [Note] InnoDB: 128 rollback segment(s) are active.
2015-06-12 09:22:25 4592 [Note] InnoDB: Waiting for purge to start
2015-06-12 09:22:25 4592 [Note] InnoDB: 5.6.17 started; log sequence number 2034027
2015-06-12 09:22:25 4592 [Note] Server hostname (bind-address): '*'; port: 3306
2015-06-12 09:22:25 4592 [Note] IPv6 is available.
2015-06-12 09:22:25 4592 [Note]   - '::' resolves to '::';
2015-06-12 09:22:25 4592 [Note] Server socket created on IP: '::'.
2015-06-12 09:22:28 4592 [Note] Event Scheduler: Loaded 0 events
2015-06-12 09:22:28 4592 [Note] wampmysqld: ready for connections.
Version: '5.6.17'  socket: ''  port: 3306  MySQL Community Server (GPL)
2015-06-12 09:51:45 4592 [Note] wampmysqld: Normal shutdown

2015-06-12 09:51:45 4592 [Note] Giving 0 client threads a chance to die gracefully
2015-06-12 09:51:45 4592 [Note] Event Scheduler: Purging the queue. 0 events
2015-06-12 09:51:45 4592 [Note] Shutting down slave threads
2015-06-12 09:51:45 4592 [Note] Forcefully disconnecting 0 remaining clients
2015-06-12 09:51:45 4592 [Note] Binlog end
2015-06-12 09:51:45 4592 [Note] Shutting down plugin 'partition'
2015-06-12 09:51:45 4592 [Note] Shutting down plugin 'PERFORMANCE_SCHEMA'
2015-06-12 09:51:45 4592 [Note] Shutting down plugin 'INNODB_SYS_DATAFILES'
2015-06-12 09:51:45 4592 [Note] Shutting down plugin 'INNODB_SYS_TABLESPACES'
2015-06-12 09:51:45 4592 [Note] Shutting down plugin 'INNODB_SYS_FOREIGN_COLS'
2015-06-12 09:51:45 4592 [Note] Shutting down plugin 'INNODB_SYS_FOREIGN'
2015-06-12 09:51:45 4592 [Note] Shutting down plugin 'INNODB_SYS_FIELDS'
2015-06-12 09:51:45 4592 [Note] Shutting down plugin 'INNODB_SYS_COLUMNS'
2015-06-12 09:51:45 4592 [Note] Shutting down plugin 'INNODB_SYS_INDEXES'
2015-06-12 09:51:45 4592 [Note] Shutting down plugin 'INNODB_SYS_TABLESTATS'
2015-06-12 09:51:45 4592 [Note] Shutting down plugin 'INNODB_SYS_TABLES'
2015-06-12 09:51:45 4592 [Note] Shutting down plugin 'INNODB_FT_INDEX_TABLE'
2015-06-12 09:51:45 4592 [Note] Shutting down plugin 'INNODB_FT_INDEX_CACHE'
2015-06-12 09:51:45 4592 [Note] Shutting down plugin 'INNODB_FT_CONFIG'
2015-06-12 09:51:45 4592 [Note] Shutting down plugin 'INNODB_FT_BEING_DELETED'
2015-06-12 09:51:45 4592 [Note] Shutting down plugin 'INNODB_FT_DELETED'
2015-06-12 09:51:45 4592 [Note] Shutting down plugin 'INNODB_FT_DEFAULT_STOPWORD'
2015-06-12 09:51:45 4592 [Note] Shutting down plugin 'INNODB_METRICS'
2015-06-12 09:51:45 4592 [Note] Shutting down plugin 'INNODB_BUFFER_POOL_STATS'
2015-06-12 09:51:45 4592 [Note] Shutting down plugin 'INNODB_BUFFER_PAGE_LRU'
2015-06-12 09:51:45 4592 [Note] Shutting down plugin 'INNODB_BUFFER_PAGE'
2015-06-12 09:51:45 4592 [Note] Shutting down plugin 'INNODB_CMP_PER_INDEX_RESET'
2015-06-12 09:51:45 4592 [Note] Shutting down plugin 'INNODB_CMP_PER_INDEX'
2015-06-12 09:51:45 4592 [Note] Shutting down plugin 'INNODB_CMPMEM_RESET'
2015-06-12 09:51:45 4592 [Note] Shutting down plugin 'INNODB_CMPMEM'
2015-06-12 09:51:45 4592 [Note] Shutting down plugin 'INNODB_CMP_RESET'
2015-06-12 09:51:45 4592 [Note] Shutting down plugin 'INNODB_CMP'
2015-06-12 09:51:45 4592 [Note] Shutting down plugin 'INNODB_LOCK_WAITS'
2015-06-12 09:51:45 4592 [Note] Shutting down plugin 'INNODB_LOCKS'
2015-06-12 09:51:45 4592 [Note] Shutting down plugin 'INNODB_TRX'
2015-06-12 09:51:45 4592 [Note] Shutting down plugin 'InnoDB'
2015-06-12 09:51:45 4592 [Note] InnoDB: FTS optimize thread exiting.
2015-06-12 09:51:45 4592 [Note] InnoDB: Starting shutdown...
2015-06-12 09:51:46 4592 [Note] InnoDB: Shutdown completed; log sequence number 2034037
2015-06-12 09:51:46 4592 [Note] Shutting down plugin 'BLACKHOLE'
2015-06-12 09:51:46 4592 [Note] Shutting down plugin 'ARCHIVE'
2015-06-12 09:51:46 4592 [Note] Shutting down plugin 'MRG_MYISAM'
2015-06-12 09:51:46 4592 [Note] Shutting down plugin 'MyISAM'
2015-06-12 09:51:46 4592 [Note] Shutting down plugin 'MEMORY'
2015-06-12 09:51:46 4592 [Note] Shutting down plugin 'CSV'
2015-06-12 09:51:46 4592 [Note] Shutting down plugin 'sha256_password'
2015-06-12 09:51:46 4592 [Note] Shutting down plugin 'mysql_old_password'
2015-06-12 09:51:46 4592 [Note] Shutting down plugin 'mysql_native_password'
2015-06-12 09:51:46 4592 [Note] Shutting down plugin 'binlog'
2015-06-12 09:51:46 4592 [Note] wampmysqld: Shutdown complete

2015-06-12 14:23:46 9624 [Note] Plugin 'FEDERATED' is disabled.
2015-06-12 14:23:46 9624 [Note] InnoDB: Using atomics to ref count buffer pool pages
2015-06-12 14:23:46 9624 [Note] InnoDB: The InnoDB memory heap is disabled
2015-06-12 14:23:46 9624 [Note] InnoDB: Mutexes and rw_locks use Windows interlocked functions
2015-06-12 14:23:46 9624 [Note] InnoDB: Compressed tables use zlib 1.2.3
2015-06-12 14:23:46 9624 [Note] InnoDB: Not using CPU crc32 instructions
2015-06-12 14:23:46 9624 [Note] InnoDB: Initializing buffer pool, size = 128.0M
2015-06-12 14:23:46 9624 [Note] InnoDB: Completed initialization of buffer pool
2015-06-12 14:23:46 9624 [Note] InnoDB: Highest supported file format is Barracuda.
2015-06-12 14:23:46 9624 [Note] InnoDB: 128 rollback segment(s) are active.
2015-06-12 14:23:46 9624 [Note] InnoDB: Waiting for purge to start
2015-06-12 14:23:46 9624 [Note] InnoDB: 5.6.17 started; log sequence number 2034037
2015-06-12 14:23:46 9624 [Note] Server hostname (bind-address): '*'; port: 3306
2015-06-12 14:23:46 9624 [Note] IPv6 is available.
2015-06-12 14:23:46 9624 [Note]   - '::' resolves to '::';
2015-06-12 14:23:46 9624 [Note] Server socket created on IP: '::'.
2015-06-12 14:23:47 9624 [Note] Event Scheduler: Loaded 0 events
2015-06-12 14:23:47 9624 [Note] wampmysqld: ready for connections.
Version: '5.6.17'  socket: ''  port: 3306  MySQL Community Server (GPL)
2015-06-13 11:25:01 9624 [Note] wampmysqld: Normal shutdown

2015-06-13 11:25:10 9624 [Note] Giving 0 client threads a chance to die gracefully
2015-06-13 11:25:11 9624 [Note] Event Scheduler: Purging the queue. 0 events
2015-06-13 11:25:11 9624 [Note] Shutting down slave threads
2015-06-13 11:25:11 9624 [Note] Forcefully disconnecting 0 remaining clients
2015-06-13 11:25:21 9624 [Note] Binlog end
2015-06-13 17:12:43 5852 [Note] Plugin 'FEDERATED' is disabled.
2015-06-13 17:12:43 5852 [Note] InnoDB: Using atomics to ref count buffer pool pages
2015-06-13 17:12:43 5852 [Note] InnoDB: The InnoDB memory heap is disabled
2015-06-13 17:12:43 5852 [Note] InnoDB: Mutexes and rw_locks use Windows interlocked functions
2015-06-13 17:12:43 5852 [Note] InnoDB: Compressed tables use zlib 1.2.3
2015-06-13 17:12:43 5852 [Note] InnoDB: Not using CPU crc32 instructions
2015-06-13 17:12:43 5852 [Note] InnoDB: Initializing buffer pool, size = 128.0M
2015-06-13 17:12:43 5852 [Note] InnoDB: Completed initialization of buffer pool
2015-06-13 17:12:43 5852 [Note] InnoDB: Highest supported file format is Barracuda.
2015-06-13 17:12:43 5852 [Note] InnoDB: The log sequence numbers 2034037 and 2034037 in ibdata files do not match the log sequence number 2055441 in the ib_logfiles!
2015-06-13 17:12:43 5852 [Note] InnoDB: Database was not shutdown normally!
2015-06-13 17:12:43 5852 [Note] InnoDB: Starting crash recovery.
2015-06-13 17:12:43 5852 [Note] InnoDB: Reading tablespace information from the .ibd files...
2015-06-13 17:12:44 5852 [Note] InnoDB: Restoring possible half-written data pages 
2015-06-13 17:12:44 5852 [Note] InnoDB: from the doublewrite buffer...
2015-06-13 17:12:44 5852 [Note] InnoDB: 128 rollback segment(s) are active.
2015-06-13 17:12:44 5852 [Note] InnoDB: Waiting for purge to start
2015-06-13 17:12:44 5852 [Note] InnoDB: 5.6.17 started; log sequence number 2055441
2015-06-13 17:12:44 5852 [Note] Server hostname (bind-address): '*'; port: 3306
2015-06-13 17:12:44 5852 [Note] IPv6 is available.
2015-06-13 17:12:44 5852 [Note]   - '::' resolves to '::';
2015-06-13 17:12:44 5852 [Note] Server socket created on IP: '::'.
2015-06-13 17:12:45 5852 [Note] Event Scheduler: Loaded 0 events
2015-06-13 17:12:45 5852 [Note] wampmysqld: ready for connections.
Version: '5.6.17'  socket: ''  port: 3306  MySQL Community Server (GPL)
2015-06-16 06:57:23 5852 [Note] wampmysqld: Normal shutdown

2015-06-16 06:57:23 5852 [Note] Giving 0 client threads a chance to die gracefully
2015-06-16 06:57:23 5852 [Note] Event Scheduler: Purging the queue. 0 events
2015-06-16 06:57:23 5852 [Note] Shutting down slave threads
2015-06-16 06:57:23 5852 [Note] Forcefully disconnecting 0 remaining clients
2015-06-16 06:57:24 5852 [Note] Binlog end
2015-06-16 06:57:24 5852 [Note] Shutting down plugin 'partition'
2015-06-16 06:57:24 5852 [Note] Shutting down plugin 'PERFORMANCE_SCHEMA'
2015-06-16 06:57:24 5852 [Note] Shutting down plugin 'INNODB_SYS_DATAFILES'
2015-06-16 06:57:24 5852 [Note] Shutting down plugin 'INNODB_SYS_TABLESPACES'
2015-06-16 06:57:24 5852 [Note] Shutting down plugin 'INNODB_SYS_FOREIGN_COLS'
2015-06-16 06:57:24 5852 [Note] Shutting down plugin 'INNODB_SYS_FOREIGN'
2015-06-16 06:57:24 5852 [Note] Shutting down plugin 'INNODB_SYS_FIELDS'
2015-06-16 06:57:24 5852 [Note] Shutting down plugin 'INNODB_SYS_COLUMNS'
2015-06-16 06:57:24 5852 [Note] Shutting down plugin 'INNODB_SYS_INDEXES'
2015-06-16 06:57:24 5852 [Note] Shutting down plugin 'INNODB_SYS_TABLESTATS'
2015-06-16 06:57:24 5852 [Note] Shutting down plugin 'INNODB_SYS_TABLES'
2015-06-16 06:57:24 5852 [Note] Shutting down plugin 'INNODB_FT_INDEX_TABLE'
2015-06-16 06:57:24 5852 [Note] Shutting down plugin 'INNODB_FT_INDEX_CACHE'
2015-06-16 06:57:24 5852 [Note] Shutting down plugin 'INNODB_FT_CONFIG'
2015-06-16 06:57:24 5852 [Note] Shutting down plugin 'INNODB_FT_BEING_DELETED'
2015-06-16 06:57:24 5852 [Note] Shutting down plugin 'INNODB_FT_DELETED'
2015-06-16 06:57:24 5852 [Note] Shutting down plugin 'INNODB_FT_DEFAULT_STOPWORD'
2015-06-16 06:57:24 5852 [Note] Shutting down plugin 'INNODB_METRICS'
2015-06-16 06:57:24 5852 [Note] Shutting down plugin 'INNODB_BUFFER_POOL_STATS'
2015-06-16 06:57:24 5852 [Note] Shutting down plugin 'INNODB_BUFFER_PAGE_LRU'
2015-06-16 06:57:24 5852 [Note] Shutting down plugin 'INNODB_BUFFER_PAGE'
2015-06-16 06:57:24 5852 [Note] Shutting down plugin 'INNODB_CMP_PER_INDEX_RESET'
2015-06-16 06:57:24 5852 [Note] Shutting down plugin 'INNODB_CMP_PER_INDEX'
2015-06-16 06:57:24 5852 [Note] Shutting down plugin 'INNODB_CMPMEM_RESET'
2015-06-16 06:57:24 5852 [Note] Shutting down plugin 'INNODB_CMPMEM'
2015-06-16 06:57:24 5852 [Note] Shutting down plugin 'INNODB_CMP_RESET'
2015-06-16 06:57:24 5852 [Note] Shutting down plugin 'INNODB_CMP'
2015-06-16 06:57:24 5852 [Note] Shutting down plugin 'INNODB_LOCK_WAITS'
2015-06-16 06:57:24 5852 [Note] Shutting down plugin 'INNODB_LOCKS'
2015-06-16 06:57:24 5852 [Note] Shutting down plugin 'INNODB_TRX'
2015-06-16 06:57:24 5852 [Note] Shutting down plugin 'InnoDB'
2015-06-16 06:57:24 5852 [Note] InnoDB: FTS optimize thread exiting.
2015-06-16 06:57:24 5852 [Note] InnoDB: Starting shutdown...
2015-06-16 06:57:28 5852 [Note] InnoDB: Shutdown completed; log sequence number 2066397
2015-06-16 06:57:28 5852 [Note] Shutting down plugin 'BLACKHOLE'
2015-06-16 06:57:28 5852 [Note] Shutting down plugin 'ARCHIVE'
2015-06-16 06:57:28 5852 [Note] Shutting down plugin 'MRG_MYISAM'
2015-06-16 06:57:28 5852 [Note] Shutting down plugin 'MyISAM'
2015-06-16 06:57:28 5852 [Note] Shutting down plugin 'MEMORY'
2015-06-16 06:57:28 5852 [Note] Shutting down plugin 'CSV'
2015-06-16 06:57:28 5852 [Note] Shutting down plugin 'sha256_password'
2015-06-16 06:57:28 5852 [Note] Shutting down plugin 'mysql_old_password'
2015-06-16 06:57:28 5852 [Note] Shutting down plugin 'mysql_native_password'
2015-06-16 06:57:28 5852 [Note] Shutting down plugin 'binlog'
2015-06-16 06:57:28 5852 [Note] wampmysqld: Shutdown complete

2015-06-16 07:02:42 11568 [Note] Plugin 'FEDERATED' is disabled.
2015-06-16 07:02:42 11568 [Note] InnoDB: Using atomics to ref count buffer pool pages
2015-06-16 07:02:42 11568 [Note] InnoDB: The InnoDB memory heap is disabled
2015-06-16 07:02:42 11568 [Note] InnoDB: Mutexes and rw_locks use Windows interlocked functions
2015-06-16 07:02:42 11568 [Note] InnoDB: Compressed tables use zlib 1.2.3
2015-06-16 07:02:42 11568 [Note] InnoDB: Not using CPU crc32 instructions
2015-06-16 07:02:42 11568 [Note] InnoDB: Initializing buffer pool, size = 128.0M
2015-06-16 07:02:42 11568 [Note] InnoDB: Completed initialization of buffer pool
2015-06-16 07:02:43 11568 [Note] InnoDB: Highest supported file format is Barracuda.
2015-06-16 07:02:43 11568 [Note] InnoDB: 128 rollback segment(s) are active.
2015-06-16 07:02:43 11568 [Note] InnoDB: Waiting for purge to start
2015-06-16 07:02:43 11568 [Note] InnoDB: 5.6.17 started; log sequence number 2066397
2015-06-16 07:02:43 11568 [Note] Server hostname (bind-address): '*'; port: 3306
2015-06-16 07:02:44 11568 [Note] IPv6 is available.
2015-06-16 07:02:44 11568 [Note]   - '::' resolves to '::';
2015-06-16 07:02:44 11568 [Note] Server socket created on IP: '::'.
2015-06-16 07:02:46 11568 [Note] Event Scheduler: Loaded 0 events
2015-06-16 07:02:46 11568 [Note] wampmysqld: ready for connections.
Version: '5.6.17'  socket: ''  port: 3306  MySQL Community Server (GPL)
2015-06-18 17:58:20 11568 [Note] wampmysqld: Normal shutdown

2015-06-18 17:58:22 11568 [Note] Giving 0 client threads a chance to die gracefully
2015-06-18 17:58:22 11568 [Note] Event Scheduler: Purging the queue. 0 events
2015-06-18 17:58:22 11568 [Note] Shutting down slave threads
2015-06-18 17:58:22 11568 [Note] Forcefully disconnecting 0 remaining clients
2015-06-18 17:58:23 11568 [Note] Binlog end
2015-06-18 17:58:26 11568 [Note] Shutting down plugin 'partition'
2015-06-18 17:58:26 11568 [Note] Shutting down plugin 'PERFORMANCE_SCHEMA'
2015-06-18 17:58:26 11568 [Note] Shutting down plugin 'INNODB_SYS_DATAFILES'
2015-06-18 17:58:26 11568 [Note] Shutting down plugin 'INNODB_SYS_TABLESPACES'
2015-06-18 17:58:26 11568 [Note] Shutting down plugin 'INNODB_SYS_FOREIGN_COLS'
2015-06-18 17:58:26 11568 [Note] Shutting down plugin 'INNODB_SYS_FOREIGN'
2015-06-18 17:58:26 11568 [Note] Shutting down plugin 'INNODB_SYS_FIELDS'
2015-06-18 17:58:26 11568 [Note] Shutting down plugin 'INNODB_SYS_COLUMNS'
2015-06-18 17:58:26 11568 [Note] Shutting down plugin 'INNODB_SYS_INDEXES'
2015-06-18 17:58:26 11568 [Note] Shutting down plugin 'INNODB_SYS_TABLESTATS'
2015-06-18 17:58:26 11568 [Note] Shutting down plugin 'INNODB_SYS_TABLES'
2015-06-18 17:58:26 11568 [Note] Shutting down plugin 'INNODB_FT_INDEX_TABLE'
2015-06-18 17:58:26 11568 [Note] Shutting down plugin 'INNODB_FT_INDEX_CACHE'
2015-06-18 17:58:26 11568 [Note] Shutting down plugin 'INNODB_FT_CONFIG'
2015-06-18 17:58:26 11568 [Note] Shutting down plugin 'INNODB_FT_BEING_DELETED'
2015-06-18 17:58:26 11568 [Note] Shutting down plugin 'INNODB_FT_DELETED'
2015-06-18 17:58:26 11568 [Note] Shutting down plugin 'INNODB_FT_DEFAULT_STOPWORD'
2015-06-18 17:58:26 11568 [Note] Shutting down plugin 'INNODB_METRICS'
2015-06-18 17:58:26 11568 [Note] Shutting down plugin 'INNODB_BUFFER_POOL_STATS'
2015-06-18 17:58:26 11568 [Note] Shutting down plugin 'INNODB_BUFFER_PAGE_LRU'
2015-06-18 17:58:26 11568 [Note] Shutting down plugin 'INNODB_BUFFER_PAGE'
2015-06-18 17:58:26 11568 [Note] Shutting down plugin 'INNODB_CMP_PER_INDEX_RESET'
2015-06-18 17:58:26 11568 [Note] Shutting down plugin 'INNODB_CMP_PER_INDEX'
2015-06-18 17:58:26 11568 [Note] Shutting down plugin 'INNODB_CMPMEM_RESET'
2015-06-18 17:58:26 11568 [Note] Shutting down plugin 'INNODB_CMPMEM'
2015-06-18 17:58:26 11568 [Note] Shutting down plugin 'INNODB_CMP_RESET'
2015-06-18 17:58:26 11568 [Note] Shutting down plugin 'INNODB_CMP'
2015-06-18 17:58:26 11568 [Note] Shutting down plugin 'INNODB_LOCK_WAITS'
2015-06-18 17:58:26 11568 [Note] Shutting down plugin 'INNODB_LOCKS'
2015-06-18 17:58:26 11568 [Note] Shutting down plugin 'INNODB_TRX'
2015-06-18 17:58:26 11568 [Note] Shutting down plugin 'InnoDB'
2015-06-18 17:58:27 11568 [Note] InnoDB: FTS optimize thread exiting.
2015-06-18 17:58:28 11568 [Note] InnoDB: Starting shutdown...
2015-06-18 17:58:36 11568 [Note] InnoDB: Shutdown completed; log sequence number 2078072
2015-06-18 17:58:36 11568 [Note] Shutting down plugin 'BLACKHOLE'
2015-06-18 17:58:36 11568 [Note] Shutting down plugin 'ARCHIVE'
2015-06-18 17:58:36 11568 [Note] Shutting down plugin 'MRG_MYISAM'
2015-06-18 17:58:36 11568 [Note] Shutting down plugin 'MyISAM'
2015-06-18 17:58:36 11568 [Note] Shutting down plugin 'MEMORY'
2015-06-18 17:58:36 11568 [Note] Shutting down plugin 'CSV'
2015-06-18 17:58:36 11568 [Note] Shutting down plugin 'sha256_password'
2015-06-18 17:58:36 11568 [Note] Shutting down plugin 'mysql_old_password'
2015-06-18 17:58:36 11568 [Note] Shutting down plugin 'mysql_native_password'
2015-06-18 17:58:36 11568 [Note] Shutting down plugin 'binlog'
2015-06-18 17:58:37 11568 [Note] wampmysqld: Shutdown complete

2015-06-19 08:12:33 8956 [Note] Plugin 'FEDERATED' is disabled.
2015-06-19 08:12:33 8956 [Note] InnoDB: Using atomics to ref count buffer pool pages
2015-06-19 08:12:33 8956 [Note] InnoDB: The InnoDB memory heap is disabled
2015-06-19 08:12:33 8956 [Note] InnoDB: Mutexes and rw_locks use Windows interlocked functions
2015-06-19 08:12:33 8956 [Note] InnoDB: Compressed tables use zlib 1.2.3
2015-06-19 08:12:33 8956 [Note] InnoDB: Not using CPU crc32 instructions
2015-06-19 08:12:33 8956 [Note] InnoDB: Initializing buffer pool, size = 128.0M
2015-06-19 08:12:33 8956 [Note] InnoDB: Completed initialization of buffer pool
2015-06-19 08:12:33 8956 [Note] InnoDB: Highest supported file format is Barracuda.
2015-06-19 08:12:34 8956 [Note] InnoDB: 128 rollback segment(s) are active.
2015-06-19 08:12:34 8956 [Note] InnoDB: Waiting for purge to start
2015-06-19 08:12:34 8956 [Note] InnoDB: 5.6.17 started; log sequence number 2078072
2015-06-19 08:12:34 8956 [Note] Server hostname (bind-address): '*'; port: 3306
2015-06-19 08:12:34 8956 [Note] IPv6 is available.
2015-06-19 08:12:34 8956 [Note]   - '::' resolves to '::';
2015-06-19 08:12:34 8956 [Note] Server socket created on IP: '::'.
2015-06-19 08:12:39 8956 [Note] Event Scheduler: Loaded 0 events
2015-06-19 08:12:39 8956 [Note] wampmysqld: ready for connections.
Version: '5.6.17'  socket: ''  port: 3306  MySQL Community Server (GPL)
2015-06-19 14:13:43 8956 [Note] wampmysqld: Normal shutdown

2015-06-19 14:13:43 8956 [Note] Giving 0 client threads a chance to die gracefully
2015-06-19 14:13:43 8956 [Note] Event Scheduler: Purging the queue. 0 events
2015-06-19 14:13:43 8956 [Note] Shutting down slave threads
2015-06-19 14:13:43 8956 [Note] Forcefully disconnecting 0 remaining clients
2015-06-19 14:13:44 8956 [Note] Binlog end
2015-06-19 14:13:45 8956 [Note] Shutting down plugin 'partition'
2015-06-19 14:13:45 8956 [Note] Shutting down plugin 'PERFORMANCE_SCHEMA'
2015-06-19 14:13:45 8956 [Note] Shutting down plugin 'INNODB_SYS_DATAFILES'
2015-06-19 14:13:45 8956 [Note] Shutting down plugin 'INNODB_SYS_TABLESPACES'
2015-06-19 14:13:45 8956 [Note] Shutting down plugin 'INNODB_SYS_FOREIGN_COLS'
2015-06-19 14:13:45 8956 [Note] Shutting down plugin 'INNODB_SYS_FOREIGN'
2015-06-19 14:13:45 8956 [Note] Shutting down plugin 'INNODB_SYS_FIELDS'
2015-06-19 14:13:45 8956 [Note] Shutting down plugin 'INNODB_SYS_COLUMNS'
2015-06-19 14:13:45 8956 [Note] Shutting down plugin 'INNODB_SYS_INDEXES'
2015-06-19 14:13:45 8956 [Note] Shutting down plugin 'INNODB_SYS_TABLESTATS'
2015-06-19 14:13:45 8956 [Note] Shutting down plugin 'INNODB_SYS_TABLES'
2015-06-19 14:13:45 8956 [Note] Shutting down plugin 'INNODB_FT_INDEX_TABLE'
2015-06-19 14:13:45 8956 [Note] Shutting down plugin 'INNODB_FT_INDEX_CACHE'
2015-06-19 14:13:45 8956 [Note] Shutting down plugin 'INNODB_FT_CONFIG'
2015-06-19 14:13:45 8956 [Note] Shutting down plugin 'INNODB_FT_BEING_DELETED'
2015-06-19 14:13:45 8956 [Note] Shutting down plugin 'INNODB_FT_DELETED'
2015-06-19 14:13:45 8956 [Note] Shutting down plugin 'INNODB_FT_DEFAULT_STOPWORD'
2015-06-19 14:13:45 8956 [Note] Shutting down plugin 'INNODB_METRICS'
2015-06-19 14:13:45 8956 [Note] Shutting down plugin 'INNODB_BUFFER_POOL_STATS'
2015-06-19 14:13:45 8956 [Note] Shutting down plugin 'INNODB_BUFFER_PAGE_LRU'
2015-06-19 14:13:45 8956 [Note] Shutting down plugin 'INNODB_BUFFER_PAGE'
2015-06-19 14:13:45 8956 [Note] Shutting down plugin 'INNODB_CMP_PER_INDEX_RESET'
2015-06-19 14:13:45 8956 [Note] Shutting down plugin 'INNODB_CMP_PER_INDEX'
2015-06-19 14:13:45 8956 [Note] Shutting down plugin 'INNODB_CMPMEM_RESET'
2015-06-19 14:13:45 8956 [Note] Shutting down plugin 'INNODB_CMPMEM'
2015-06-19 14:13:45 8956 [Note] Shutting down plugin 'INNODB_CMP_RESET'
2015-06-19 14:13:45 8956 [Note] Shutting down plugin 'INNODB_CMP'
2015-06-19 14:13:45 8956 [Note] Shutting down plugin 'INNODB_LOCK_WAITS'
2015-06-19 14:13:45 8956 [Note] Shutting down plugin 'INNODB_LOCKS'
2015-06-19 14:13:45 8956 [Note] Shutting down plugin 'INNODB_TRX'
2015-06-19 14:13:45 8956 [Note] Shutting down plugin 'InnoDB'
2015-06-19 14:13:45 8956 [Note] InnoDB: FTS optimize thread exiting.
2015-06-19 14:13:45 8956 [Note] InnoDB: Starting shutdown...
2015-06-19 14:13:48 8956 [Note] InnoDB: Shutdown completed; log sequence number 2078082
2015-06-19 14:13:48 8956 [Note] Shutting down plugin 'BLACKHOLE'
2015-06-19 14:13:48 8956 [Note] Shutting down plugin 'ARCHIVE'
2015-06-19 14:13:48 8956 [Note] Shutting down plugin 'MRG_MYISAM'
2015-06-19 14:13:48 8956 [Note] Shutting down plugin 'MyISAM'
2015-06-19 14:13:48 8956 [Note] Shutting down plugin 'MEMORY'
2015-06-19 14:13:48 8956 [Note] Shutting down plugin 'CSV'
2015-06-19 14:13:48 8956 [Note] Shutting down plugin 'sha256_password'
2015-06-19 14:13:48 8956 [Note] Shutting down plugin 'mysql_old_password'
2015-06-19 14:13:48 8956 [Note] Shutting down plugin 'mysql_native_password'
2015-06-19 14:13:48 8956 [Note] Shutting down plugin 'binlog'
2015-06-19 14:13:48 8956 [Note] wampmysqld: Shutdown complete

2015-06-19 16:21:14 10996 [Note] Plugin 'FEDERATED' is disabled.
2015-06-19 16:21:14 10996 [Note] InnoDB: Using atomics to ref count buffer pool pages
2015-06-19 16:21:14 10996 [Note] InnoDB: The InnoDB memory heap is disabled
2015-06-19 16:21:14 10996 [Note] InnoDB: Mutexes and rw_locks use Windows interlocked functions
2015-06-19 16:21:14 10996 [Note] InnoDB: Compressed tables use zlib 1.2.3
2015-06-19 16:21:14 10996 [Note] InnoDB: Not using CPU crc32 instructions
2015-06-19 16:21:14 10996 [Note] InnoDB: Initializing buffer pool, size = 128.0M
2015-06-19 16:21:14 10996 [Note] InnoDB: Completed initialization of buffer pool
2015-06-19 16:21:14 10996 [Note] InnoDB: Highest supported file format is Barracuda.
2015-06-19 16:21:14 10996 [Note] InnoDB: 128 rollback segment(s) are active.
2015-06-19 16:21:15 10996 [Note] InnoDB: Waiting for purge to start
2015-06-19 16:21:15 10996 [Note] InnoDB: 5.6.17 started; log sequence number 2078082
2015-06-19 16:21:15 10996 [Note] Server hostname (bind-address): '*'; port: 3306
2015-06-19 16:21:15 10996 [Note] IPv6 is available.
2015-06-19 16:21:15 10996 [Note]   - '::' resolves to '::';
2015-06-19 16:21:15 10996 [Note] Server socket created on IP: '::'.
2015-06-19 16:21:16 10996 [Note] Event Scheduler: Loaded 0 events
2015-06-19 16:21:16 10996 [Note] wampmysqld: ready for connections.
Version: '5.6.17'  socket: ''  port: 3306  MySQL Community Server (GPL)
2015-06-19 18:29:41 10996 [Note] wampmysqld: Normal shutdown

2015-06-19 18:29:41 10996 [Note] Giving 0 client threads a chance to die gracefully
2015-06-19 18:29:41 10996 [Note] Event Scheduler: Purging the queue. 0 events
2015-06-19 18:29:41 10996 [Note] Shutting down slave threads
2015-06-19 18:29:41 10996 [Note] Forcefully disconnecting 0 remaining clients
2015-06-19 18:29:41 10996 [Note] Binlog end
2015-06-19 18:29:41 10996 [Note] Shutting down plugin 'partition'
2015-06-19 18:29:41 10996 [Note] Shutting down plugin 'PERFORMANCE_SCHEMA'
2015-06-19 18:29:41 10996 [Note] Shutting down plugin 'INNODB_SYS_DATAFILES'
2015-06-19 18:29:41 10996 [Note] Shutting down plugin 'INNODB_SYS_TABLESPACES'
2015-06-19 18:29:41 10996 [Note] Shutting down plugin 'INNODB_SYS_FOREIGN_COLS'
2015-06-19 18:29:41 10996 [Note] Shutting down plugin 'INNODB_SYS_FOREIGN'
2015-06-19 18:29:41 10996 [Note] Shutting down plugin 'INNODB_SYS_FIELDS'
2015-06-19 18:29:41 10996 [Note] Shutting down plugin 'INNODB_SYS_COLUMNS'
2015-06-19 18:29:41 10996 [Note] Shutting down plugin 'INNODB_SYS_INDEXES'
2015-06-19 18:29:41 10996 [Note] Shutting down plugin 'INNODB_SYS_TABLESTATS'
2015-06-19 18:29:41 10996 [Note] Shutting down plugin 'INNODB_SYS_TABLES'
2015-06-19 18:29:41 10996 [Note] Shutting down plugin 'INNODB_FT_INDEX_TABLE'
2015-06-19 18:29:41 10996 [Note] Shutting down plugin 'INNODB_FT_INDEX_CACHE'
2015-06-19 18:29:41 10996 [Note] Shutting down plugin 'INNODB_FT_CONFIG'
2015-06-19 18:29:41 10996 [Note] Shutting down plugin 'INNODB_FT_BEING_DELETED'
2015-06-19 18:29:41 10996 [Note] Shutting down plugin 'INNODB_FT_DELETED'
2015-06-19 18:29:41 10996 [Note] Shutting down plugin 'INNODB_FT_DEFAULT_STOPWORD'
2015-06-19 18:29:41 10996 [Note] Shutting down plugin 'INNODB_METRICS'
2015-06-19 18:29:41 10996 [Note] Shutting down plugin 'INNODB_BUFFER_POOL_STATS'
2015-06-19 18:29:41 10996 [Note] Shutting down plugin 'INNODB_BUFFER_PAGE_LRU'
2015-06-19 18:29:41 10996 [Note] Shutting down plugin 'INNODB_BUFFER_PAGE'
2015-06-19 18:29:41 10996 [Note] Shutting down plugin 'INNODB_CMP_PER_INDEX_RESET'
2015-06-19 18:29:41 10996 [Note] Shutting down plugin 'INNODB_CMP_PER_INDEX'
2015-06-19 18:29:41 10996 [Note] Shutting down plugin 'INNODB_CMPMEM_RESET'
2015-06-19 18:29:41 10996 [Note] Shutting down plugin 'INNODB_CMPMEM'
2015-06-19 18:29:41 10996 [Note] Shutting down plugin 'INNODB_CMP_RESET'
2015-06-19 18:29:41 10996 [Note] Shutting down plugin 'INNODB_CMP'
2015-06-19 18:29:41 10996 [Note] Shutting down plugin 'INNODB_LOCK_WAITS'
2015-06-19 18:29:41 10996 [Note] Shutting down plugin 'INNODB_LOCKS'
2015-06-19 18:29:41 10996 [Note] Shutting down plugin 'INNODB_TRX'
2015-06-19 18:29:41 10996 [Note] Shutting down plugin 'InnoDB'
2015-06-19 18:29:41 10996 [Note] InnoDB: FTS optimize thread exiting.
2015-06-19 18:29:41 10996 [Note] InnoDB: Starting shutdown...
2015-06-19 18:29:42 10996 [Note] InnoDB: Shutdown completed; log sequence number 2078092
2015-06-19 18:29:42 10996 [Note] Shutting down plugin 'BLACKHOLE'
2015-06-19 18:29:42 10996 [Note] Shutting down plugin 'ARCHIVE'
2015-06-19 18:29:42 10996 [Note] Shutting down plugin 'MRG_MYISAM'
2015-06-19 18:29:42 10996 [Note] Shutting down plugin 'MyISAM'
2015-06-19 18:29:42 10996 [Note] Shutting down plugin 'MEMORY'
2015-06-19 18:29:42 10996 [Note] Shutting down plugin 'CSV'
2015-06-19 18:29:42 10996 [Note] Shutting down plugin 'sha256_password'
2015-06-19 18:29:42 10996 [Note] Shutting down plugin 'mysql_old_password'
2015-06-19 18:29:42 10996 [Note] Shutting down plugin 'mysql_native_password'
2015-06-19 18:29:42 10996 [Note] Shutting down plugin 'binlog'
2015-06-19 18:29:42 10996 [Note] wampmysqld: Shutdown complete

2015-06-19 18:30:06 3960 [Note] Plugin 'FEDERATED' is disabled.
2015-06-19 18:30:06 3960 [Note] InnoDB: Using atomics to ref count buffer pool pages
2015-06-19 18:30:06 3960 [Note] InnoDB: The InnoDB memory heap is disabled
2015-06-19 18:30:06 3960 [Note] InnoDB: Mutexes and rw_locks use Windows interlocked functions
2015-06-19 18:30:06 3960 [Note] InnoDB: Compressed tables use zlib 1.2.3
2015-06-19 18:30:06 3960 [Note] InnoDB: Not using CPU crc32 instructions
2015-06-19 18:30:06 3960 [Note] InnoDB: Initializing buffer pool, size = 128.0M
2015-06-19 18:30:07 3960 [Note] InnoDB: Completed initialization of buffer pool
2015-06-19 18:30:07 3960 [Note] InnoDB: Highest supported file format is Barracuda.
2015-06-19 18:30:07 3960 [Note] InnoDB: 128 rollback segment(s) are active.
2015-06-19 18:30:07 3960 [Note] InnoDB: Waiting for purge to start
2015-06-19 18:30:07 3960 [Note] InnoDB: 5.6.17 started; log sequence number 2078092
2015-06-19 18:30:07 3960 [Note] Server hostname (bind-address): '*'; port: 3306
2015-06-19 18:30:07 3960 [Note] IPv6 is available.
2015-06-19 18:30:07 3960 [Note]   - '::' resolves to '::';
2015-06-19 18:30:07 3960 [Note] Server socket created on IP: '::'.
2015-06-19 18:30:07 3960 [Note] Event Scheduler: Loaded 0 events
2015-06-19 18:30:07 3960 [Note] wampmysqld: ready for connections.
Version: '5.6.17'  socket: ''  port: 3306  MySQL Community Server (GPL)
